[2026-06-26T12:25:03.311Z][INFO] Command-line: 'C:\\Program Files\\Unity\\Hub\\Editor\\6000.5.1f1\\Editor\\Data\\Resources\\PackageManager\\Server\\UnityPackageManager.exe' server -s 2604 --ipc-path Unity-Upm-2604 -l 2 --log-file C:\\Users\\Nuwan\\Downloads\\Compressed\\unity-space-shooter-master/Logs/upm.log
[2026-06-26T12:25:03.377Z][INFO] IPC server started (IPC path=Unity-Upm-2604).
[2026-06-26T12:25:03.378Z][INFO] Hint: To connect to this UPM instance, launch Unity with the command-line parameter -upmIpcPath Upm-2604.
[2026-06-26T12:25:46.800Z][INFO] project:list-packages <-- Request received
params: {}
[2026-06-26T12:25:46.807Z][INFO] project:list-packages --> 404 (7 ms)
[2026-06-26T12:25:47.321Z][INFO] config:project:get-registries <-- Request received
params: {}
[2026-06-26T12:25:47.323Z][INFO] config:project:get-registries --> 404 (2 ms)
[2026-06-26T12:25:47.363Z][INFO] project:list-packages <-- Request received
params: {}
[2026-06-26T12:25:47.368Z][INFO] project:list-packages --> 404 (4 ms)
[2026-06-26T12:25:47.564Z][INFO] project:update-dependencies <-- Request received
params: {}
[2026-06-26T12:25:47.617Z][INFO] project:update-dependencies --> 200 (53 ms)
[2026-06-26T12:25:47.638Z][INFO] project:resolve-packages <-- Request received
params: {}
[2026-06-26T12:25:50.401Z][INFO] project:resolve-packages --> 200 (2763 ms)
[2026-06-26T12:26:31.484Z][INFO] project:list-packages <-- Request received
params: {}
[2026-06-26T12:26:31.541Z][INFO] project:list-packages <-- Request received
params: {}
[2026-06-26T12:26:31.748Z][INFO] project:list-packages --> 200 (264 ms)
[2026-06-26T12:26:31.806Z][INFO] config:project:get-registries <-- Request received
params: {}
[2026-06-26T12:26:31.821Z][INFO] config:project:get-registries --> 200 (15 ms)
[2026-06-26T12:26:31.823Z][INFO] project:list-packages --> 200 (281 ms)
[2026-06-26T12:26:40.232Z][INFO] project:list-packages <-- Request received
params: {}
[2026-06-26T12:26:40.408Z][INFO] project:list-packages --> 200 (176 ms)
[2026-06-26T12:26:43.506Z][INFO] packages:get-all-packageinfo <-- Request received
params: {}
[2026-06-26T12:26:43.521Z][INFO] packages:get-all-packageinfo <-- Request received
params: {}
[2026-06-26T12:26:59.071Z][INFO] packages:get-all-packageinfo --> 200 (15550 ms)
[2026-06-26T12:26:59.300Z][INFO] packages:get-packageinfo <-- Request received
params: {
  "packageId": "com.unity.learn.iet-framework@5.0.4"
}
[2026-06-26T12:27:10.657Z][INFO] packages:get-packageinfo --> 200 (11357 ms)
[2026-06-26T12:27:15.907Z][INFO] packages:get-all-packageinfo --> 200 (32401 ms)
[2026-06-26T12:27:16.170Z][INFO] packages:get-packageinfo <-- Request received
params: {
  "packageId": "com.unity.addressables@2.9.1"
}
[2026-06-26T12:27:16.185Z][INFO] packages:get-packageinfo <-- Request received
params: {
  "packageId": "com.unity.ads.ios-support@1.0.1"
}
[2026-06-26T12:27:16.207Z][INFO] packages:get-packageinfo <-- Request received
params: {
  "packageId": "com.unity.learn.iet-framework.authoring@1.5.4"
}
[2026-06-26T12:27:16.208Z][INFO] packages:get-packageinfo <-- Request received
params: {
  "packageId": "com.unity.probuilder@6.0.9"
}
[2026-06-26T12:27:16.242Z][INFO] packages:get-packageinfo <-- Request received
params: {
  "packageId": "com.unity.scriptablebuildpipeline@2.6.1"
}
[2026-06-26T12:27:16.243Z][INFO] packages:get-packageinfo <-- Request received
params: {
  "packageId": "com.unity.xr.compositionlayers@2.4.0"
}
[2026-06-26T12:27:16.244Z][INFO] packages:get-packageinfo <-- Request received
params: {
  "packageId": "com.unity.xr.management@4.5.4"
}
[2026-06-26T12:27:16.315Z][INFO] packages:get-packageinfo <-- Request received
params: {
  "packageId": "com.unity.services.friends@1.1.1"
}
[2026-06-26T12:27:16.316Z][INFO] packages:get-packageinfo <-- Request received
params: {
  "packageId": "com.unity.services.moderation@1.0.2"
}
[2026-06-26T12:27:16.317Z][INFO] packages:get-packageinfo <-- Request received
params: {
  "packageId": "com.unity.services.multiplayer@2.1.3"
}
[2026-06-26T12:27:18.678Z][INFO] packages:get-packageinfo --> 200 (2362 ms)
[2026-06-26T12:27:18.686Z][INFO] packages:get-packageinfo --> 200 (2369 ms)
[2026-06-26T12:27:18.687Z][INFO] packages:get-packageinfo --> 200 (2372 ms)
[2026-06-26T12:27:18.690Z][INFO] packages:get-packageinfo --> 200 (2505 ms)
[2026-06-26T12:27:18.691Z][INFO] packages:get-packageinfo --> 200 (2448 ms)
[2026-06-26T12:27:18.693Z][INFO] packages:get-packageinfo --> 200 (2486 ms)
[2026-06-26T12:27:18.696Z][INFO] packages:get-packageinfo --> 200 (2452 ms)
[2026-06-26T12:27:18.700Z][INFO] packages:get-packageinfo --> 200 (2492 ms)
[2026-06-26T12:27:18.703Z][INFO] packages:get-packageinfo --> 200 (2461 ms)
[2026-06-26T12:27:18.709Z][INFO] packages:get-packageinfo --> 200 (2539 ms)
